#
# A fatal error has been detected by the Java Runtime Environment:
#
#  EXCEPTION_ACCESS_VIOLATION (0xc0000005) at pc=0x0000000068a24a1b, pid=11680, tid=11888
#
# JRE version: Java(TM) SE Runtime Environment (7.0_79-b15) (build 1.7.0_79-b15)
# Java VM: Java HotSpot(TM) 64-Bit Server VM (24.79-b02 mixed mode windows-amd64 compressed oops)
# Problematic frame:
# V  [jvm.dll+0x144a1b]
#
# Failed to write core dump. Minidumps are not enabled by default on client versions of Windows
#
# If you would like to submit a bug report, please visit:
#   http://bugreport.java.com/bugreport/crash.jsp
#

---------------  T H R E A D  ---------------

Current thread (0x0000000009a48800):  JavaThread "JDWP Transport Listener: dt_socket" daemon [_thread_in_vm, id=11888, stack(0x000000000b3f0000,0x000000000b4f0000)]

siginfo: ExceptionCode=0xc0000005, reading address 0xffffffffffffffff

Registers:
RAX=0x000000000b4ef401, RBX=0x0000000009a48800, RCX=0x73694c656c626174, RDX=0x0000000000000000
RSP=0x000000000b4ef410, RBP=0x73694c656c626174, RSI=0x000000000b4ef528, RDI=0x0000000004bed550
R8 =0x0000000009a48800, R9 =0x0000000000008000, R10=0x000000000c661eb0, R11=0x000000000d2a8587
R12=0x0000000000000000, R13=0x0000000009a3fbb8, R14=0x0000000000000000, R15=0x0000000000000000
RIP=0x0000000068a24a1b, EFLAGS=0x0000000000010206

Top of Stack: (sp=0x000000000b4ef410)
0x000000000b4ef410:   0000000009a48800 0000000000000009
0x000000000b4ef420:   000000000b4ef4d8 0000000068bc6a59
0x000000000b4ef430:   0000000009a48800 0000000068be4602
0x000000000b4ef440:   000000000000005d 0000000069218e8d
0x000000000b4ef450:   000000000c18f8e0 0000000069222666
0x000000000b4ef460:   0000000009a48800 0000000000000000
0x000000000b4ef470:   0000000000000000 0000000000000000
0x000000000b4ef480:   73694c656c626174 000000006922175d
0x000000000b4ef490:   000000000b4ef528 000000000b4ef500
0x000000000b4ef4a0:   0000000000000001 000000000c18f8e0
0x000000000b4ef4b0:   73694c656c626174 00000000692053b3
0x000000000b4ef4c0:   000000000b4ef5f0 0000000000000001
0x000000000b4ef4d0:   0000000000000001 000000000c18f8e0
0x000000000b4ef4e0:   000000000000000a 0000000000000000
0x000000000b4ef4f0:   0000000000000000 0000000000000000
0x000000000b4ef500:   0000000000000001 0000000069205571 

Instructions: (pc=0x0000000068a24a1b)
0x0000000068a249fb:   48 8b 5c 24 30 48 89 47 18 48 83 c4 20 5f c3 cc
0x0000000068a24a0b:   cc cc cc cc cc 40 53 48 83 ec 20 48 85 c9 74 54
0x0000000068a24a1b:   48 8b 19 48 85 db 74 4c 48 b8 fe fe fe fe fe fe
0x0000000068a24a2b:   fe fe 48 3b d8 74 3d 80 3d 8f 26 61 00 00 74 15 


Register to memory mapping:

RAX=0x000000000b4ef401 is pointing into the stack for thread: 0x0000000009a48800
RBX=0x0000000009a48800 is a thread
RCX=0x73694c656c626174 is an unknown value
RDX=0x0000000000000000 is an unknown value
RSP=0x000000000b4ef410 is pointing into the stack for thread: 0x0000000009a48800
RBP=0x73694c656c626174 is an unknown value
RSI=0x000000000b4ef528 is pointing into the stack for thread: 0x0000000009a48800
RDI=0x0000000004bed550 is an unknown value
R8 =0x0000000009a48800 is a thread
R9 =0x0000000000008000 is an unknown value
R10=0x000000000c661eb0 is an unknown value
R11=0x000000000d2a8587 is an unknown value
R12=0x0000000000000000 is an unknown value
R13=0x0000000009a3fbb8 is an unknown value
R14=0x0000000000000000 is an unknown value
R15=0x0000000000000000 is an unknown value


Stack: [0x000000000b3f0000,0x000000000b4f0000],  sp=0x000000000b4ef410,  free space=1021k
Native frames: (J=compiled Java code, j=interpreted, Vv=VM code, C=native code)
V  [jvm.dll+0x144a1b]


---------------  P R O C E S S  ---------------

Java Threads: ( => current thread )
  0x000000000e86c800 JavaThread "1762642413@qtp-680136961-9" [_thread_blocked, id=2920, stack(0x0000000011d30000,0x0000000011e30000)]
  0x000000000e870800 JavaThread "LocalDatastoreService-9" daemon [_thread_blocked, id=2120, stack(0x0000000011730000,0x0000000011830000)]
  0x000000000e886000 JavaThread "LocalDatastoreService-8" daemon [_thread_blocked, id=11520, stack(0x0000000011630000,0x0000000011730000)]
  0x000000000e884800 JavaThread "LocalDatastoreService-7" daemon [_thread_blocked, id=11168, stack(0x0000000011530000,0x0000000011630000)]
  0x000000000e883000 JavaThread "LocalDatastoreService-6" daemon [_thread_blocked, id=11564, stack(0x0000000011430000,0x0000000011530000)]
  0x000000000e884000 JavaThread "LocalDatastoreService-5" daemon [_thread_blocked, id=2444, stack(0x0000000011330000,0x0000000011430000)]
  0x000000000e885800 JavaThread "LocalDatastoreService-4" daemon [_thread_blocked, id=11944, stack(0x0000000011230000,0x0000000011330000)]
  0x000000000e887000 JavaThread "LocalDatastoreService-3" daemon [_thread_blocked, id=3916, stack(0x0000000011130000,0x0000000011230000)]
  0x000000000e887800 JavaThread "LocalDatastoreService-2" daemon [_thread_blocked, id=9020, stack(0x0000000011030000,0x0000000011130000)]
  0x000000000e888800 JavaThread "LocalDatastoreService-1" daemon [_thread_blocked, id=9548, stack(0x0000000010f30000,0x0000000011030000)]
  0x000000000e88a000 JavaThread "LocalDatastoreService-0" daemon [_thread_blocked, id=4384, stack(0x0000000010e30000,0x0000000010f30000)]
  0x000000000c148800 JavaThread "Timer-1" daemon [_thread_blocked, id=4436, stack(0x000000000f690000,0x000000000f790000)]
  0x000000000f380800 JavaThread "Timer-0" daemon [_thread_blocked, id=5180, stack(0x000000000f590000,0x000000000f690000)]
  0x000000000ca8b800 JavaThread "651829830@qtp-680136961-1 - Acceptor0 SelectChannelConnector@0.0.0.0:8888" [_thread_in_native, id=4936, stack(0x000000000e2c0000,0x000000000e3c0000)]
  0x000000000c16a000 JavaThread "Code server listener" daemon [_thread_in_native, id=6932, stack(0x000000000dbc0000,0x000000000dcc0000)]
  0x000000000c6fb000 JavaThread "pool-1-thread-1" [_thread_blocked, id=3992, stack(0x000000000d9c0000,0x000000000dac0000)]
  0x000000000bf6e800 JavaThread "Thread-2" daemon [_thread_blocked, id=3004, stack(0x000000000d7c0000,0x000000000d8c0000)]
  0x000000000bfec800 JavaThread "Thread-1" [_thread_in_native, id=7132, stack(0x000000000d6c0000,0x000000000d7c0000)]
  0x000000000b9e3800 JavaThread "Service Thread" daemon [_thread_blocked, id=9972, stack(0x000000000bcf0000,0x000000000bdf0000)]
  0x000000000b9e0800 JavaThread "C2 CompilerThread1" daemon [_thread_blocked, id=11956, stack(0x000000000bbf0000,0x000000000bcf0000)]
  0x000000000b9d3800 JavaThread "C2 CompilerThread0" daemon [_thread_blocked, id=7496, stack(0x000000000baf0000,0x000000000bbf0000)]
  0x0000000009a59800 JavaThread "JDWP Command Reader" daemon [_thread_in_native, id=11700, stack(0x000000000b5f0000,0x000000000b6f0000)]
  0x0000000009a55000 JavaThread "JDWP Event Helper Thread" daemon [_thread_blocked, id=4128, stack(0x000000000b4f0000,0x000000000b5f0000)]
=>0x0000000009a48800 JavaThread "JDWP Transport Listener: dt_socket" daemon [_thread_in_vm, id=11888, stack(0x000000000b3f0000,0x000000000b4f0000)]
  0x0000000009a40000 JavaThread "Attach Listener" daemon [_thread_blocked, id=8264, stack(0x000000000aeb0000,0x000000000afb0000)]
  0x0000000009a3d800 JavaThread "Signal Dispatcher" daemon [_thread_blocked, id=7056, stack(0x000000000adb0000,0x000000000aeb0000)]
  0x0000000004eed800 JavaThread "Finalizer" daemon [_thread_blocked, id=7508, stack(0x000000000acb0000,0x000000000adb0000)]
  0x0000000004ee4800 JavaThread "Reference Handler" daemon [_thread_blocked, id=12128, stack(0x000000000abb0000,0x000000000acb0000)]
  0x0000000004bec000 JavaThread "main" [_thread_blocked, id=8112, stack(0x0000000004bf0000,0x0000000004cf0000)]

Other Threads:
  0x0000000009a13000 VMThread [stack: 0x000000000aab0000,0x000000000abb0000] [id=11816]
  0x000000000ba04000 WatcherThread [stack: 0x000000000bdf0000,0x000000000bef0000] [id=11932]

VM state:not at safepoint (normal execution)

VM Mutex/Monitor currently owned by a thread: None

Heap
 PSYoungGen      total 116736K, used 67204K [0x00000000f5500000, 0x0000000100000000, 0x0000000100000000)
  eden space 58368K, 94% used [0x00000000f5500000,0x00000000f8aeec78,0x00000000f8e00000)
  from space 58368K, 20% used [0x00000000fc700000,0x00000000fd2b2428,0x0000000100000000)
  to   space 58368K, 0% used [0x00000000f8e00000,0x00000000f8e00000,0x00000000fc700000)
 ParOldGen       total 132096K, used 96599K [0x00000000e0000000, 0x00000000e8100000, 0x00000000f5500000)
  object space 132096K, 73% used [0x00000000e0000000,0x00000000e5e55e38,0x00000000e8100000)
 PSPermGen       total 45056K, used 44661K [0x00000000dae00000, 0x00000000dda00000, 0x00000000e0000000)
  object space 45056K, 99% used [0x00000000dae00000,0x00000000dd99d600,0x00000000dda00000)

Card table byte_map: [0x0000000007fc0000,0x00000000080f0000] byte_map_base: 0x00000000078e9000

Polling page: 0x0000000002e70000

Code Cache  [0x0000000004f00000, 0x00000000052c0000, 0x0000000007f00000)
 total_blobs=1390 nmethods=1012 adapters=337 free_code_cache=45719Kb largest_free_block=46424512

Compilation events (10 events):
Event: 4077.951 Thread 0x000000000b9e0800 1124   !         java.security.Permissions::implies (43 bytes)
Event: 4077.961 Thread 0x000000000b9e0800 nmethod 1124 0x000000000527a790 code [0x000000000527a920, 0x000000000527b238]
Event: 4837.459 Thread 0x000000000b9d3800 1125             sun.nio.cs.ISO_8859_1$Decoder::decode (45 bytes)
Event: 4837.466 Thread 0x000000000b9d3800 nmethod 1125 0x000000000509d710 code [0x000000000509d860, 0x000000000509db78]
Event: 4837.472 Thread 0x000000000b9e0800 1126             com.google.appengine.tools.development.JettyContainerService::getAppContext (5 bytes)
Event: 4837.473 Thread 0x000000000b9e0800 nmethod 1126 0x000000000518a810 code [0x000000000518a940, 0x000000000518a998]
Event: 4843.366 Thread 0x000000000b9d3800 1127 % !         org.mortbay.util.URIUtil::encodePath @ 6 (480 bytes)
Event: 4843.383 Thread 0x000000000b9d3800 nmethod 1127% 0x000000000527bc90 code [0x000000000527c3a0, 0x000000000527ce90]
Event: 4848.366 Thread 0x000000000b9e0800 1128   !         org.mortbay.util.URIUtil::encodePath (480 bytes)
Event: 4848.386 Thread 0x000000000b9e0800 nmethod 1128 0x0000000005152510 code [0x0000000005152ec0, 0x0000000005153a50]

GC Heap History (10 events):
Event: 77.260 GC heap before
{Heap before GC invocations=13 (full 1):
 PSYoungGen      total 111616K, used 111545K [0x00000000f5500000, 0x0000000100000000, 0x0000000100000000)
  eden space 71680K, 100% used [0x00000000f5500000,0x00000000f9b00000,0x00000000f9b00000)
  from space 39936K, 99% used [0x00000000f9b00000,0x00000000fc1ee758,0x00000000fc200000)
  to   space 54784K, 0% used [0x00000000fca80000,0x00000000fca80000,0x0000000100000000)
 ParOldGen       total 132096K, used 62330K [0x00000000e0000000, 0x00000000e8100000, 0x00000000f5500000)
  object space 132096K, 47% used [0x00000000e0000000,0x00000000e3cde978,0x00000000e8100000)
 PSPermGen       total 33280K, used 33219K [0x00000000dae00000, 0x00000000dce80000, 0x00000000e0000000)
  object space 33280K, 99% used [0x00000000dae00000,0x00000000dce70f10,0x00000000dce80000)
Event: 77.321 GC heap after
Heap after GC invocations=13 (full 1):
 PSYoungGen      total 114176K, used 40761K [0x00000000f5500000, 0x0000000100000000, 0x0000000100000000)
  eden space 59392K, 0% used [0x00000000f5500000,0x00000000f5500000,0x00000000f8f00000)
  from space 54784K, 74% used [0x00000000fca80000,0x00000000ff24e408,0x0000000100000000)
  to   space 57856K, 0% used [0x00000000f8f00000,0x00000000f8f00000,0x00000000fc780000)
 ParOldGen       total 132096K, used 62338K [0x00000000e0000000, 0x00000000e8100000, 0x00000000f5500000)
  object space 132096K, 47% used [0x00000000e0000000,0x00000000e3ce0978,0x00000000e8100000)
 PSPermGen       total 33280K, used 33219K [0x00000000dae00000, 0x00000000dce80000, 0x00000000e0000000)
  object space 33280K, 99% used [0x00000000dae00000,0x00000000dce70f10,0x00000000dce80000)
}
Event: 79.662 GC heap before
{Heap before GC invocations=14 (full 1):
 PSYoungGen      total 114176K, used 100153K [0x00000000f5500000, 0x0000000100000000, 0x0000000100000000)
  eden space 59392K, 100% used [0x00000000f5500000,0x00000000f8f00000,0x00000000f8f00000)
  from space 54784K, 74% used [0x00000000fca80000,0x00000000ff24e408,0x0000000100000000)
  to   space 57856K, 0% used [0x00000000f8f00000,0x00000000f8f00000,0x00000000fc780000)
 ParOldGen       total 132096K, used 62338K [0x00000000e0000000, 0x00000000e8100000, 0x00000000f5500000)
  object space 132096K, 47% used [0x00000000e0000000,0x00000000e3ce0978,0x00000000e8100000)
 PSPermGen       total 34816K, used 34746K [0x00000000dae00000, 0x00000000dd000000, 0x00000000e0000000)
  object space 34816K, 99% used [0x00000000dae00000,0x00000000dcfee980,0x00000000dd000000)
Event: 79.732 GC heap after
Heap after GC invocations=14 (full 1):
 PSYoungGen      total 101888K, used 42151K [0x00000000f5500000, 0x0000000100000000, 0x0000000100000000)
  eden space 59392K, 0% used [0x00000000f5500000,0x00000000f5500000,0x00000000f8f00000)
  from space 42496K, 99% used [0x00000000f8f00000,0x00000000fb829f10,0x00000000fb880000)
  to   space 58368K, 0% used [0x00000000fc700000,0x00000000fc700000,0x0000000100000000)
 ParOldGen       total 132096K, used 62410K [0x00000000e0000000, 0x00000000e8100000, 0x00000000f5500000)
  object space 132096K, 47% used [0x00000000e0000000,0x00000000e3cf2988,0x00000000e8100000)
 PSPermGen       total 34816K, used 34746K [0x00000000dae00000, 0x00000000dd000000, 0x00000000e0000000)
  object space 34816K, 99% used [0x00000000dae00000,0x00000000dcfee980,0x00000000dd000000)
}
Event: 82.183 GC heap before
{Heap before GC invocations=15 (full 1):
 PSYoungGen      total 101888K, used 101543K [0x00000000f5500000, 0x0000000100000000, 0x0000000100000000)
  eden space 59392K, 100% used [0x00000000f5500000,0x00000000f8f00000,0x00000000f8f00000)
  from space 42496K, 99% used [0x00000000f8f00000,0x00000000fb829f10,0x00000000fb880000)
  to   space 58368K, 0% used [0x00000000fc700000,0x00000000fc700000,0x0000000100000000)
 ParOldGen       total 132096K, used 62410K [0x00000000e0000000, 0x00000000e8100000, 0x00000000f5500000)
  object space 132096K, 47% used [0x00000000e0000000,0x00000000e3cf2988,0x00000000e8100000)
 PSPermGen       total 36864K, used 36583K [0x00000000dae00000, 0x00000000dd200000, 0x00000000e0000000)
  object space 36864K, 99% used [0x00000000dae00000,0x00000000dd1b9f18,0x00000000dd200000)
Event: 82.256 GC heap after
Heap after GC invocations=15 (full 1):
 PSYoungGen      total 116736K, used 35720K [0x00000000f5500000, 0x0000000100000000, 0x0000000100000000)
  eden space 58368K, 0% used [0x00000000f5500000,0x00000000f5500000,0x00000000f8e00000)
  from space 58368K, 61% used [0x00000000fc700000,0x00000000fe9e2368,0x0000000100000000)
  to   space 58368K, 0% used [0x00000000f8e00000,0x00000000f8e00000,0x00000000fc700000)
 ParOldGen       total 132096K, used 69998K [0x00000000e0000000, 0x00000000e8100000, 0x00000000f5500000)
  object space 132096K, 52% used [0x00000000e0000000,0x00000000e445ba28,0x00000000e8100000)
 PSPermGen       total 36864K, used 36583K [0x00000000dae00000, 0x00000000dd200000, 0x00000000e0000000)
  object space 36864K, 99% used [0x00000000dae00000,0x00000000dd1b9f18,0x00000000dd200000)
}
Event: 85.305 GC heap before
{Heap before GC invocations=16 (full 1):
 PSYoungGen      total 116736K, used 94088K [0x00000000f5500000, 0x0000000100000000, 0x0000000100000000)
  eden space 58368K, 100% used [0x00000000f5500000,0x00000000f8e00000,0x00000000f8e00000)
  from space 58368K, 61% used [0x00000000fc700000,0x00000000fe9e2368,0x0000000100000000)
  to   space 58368K, 0% used [0x00000000f8e00000,0x00000000f8e00000,0x00000000fc700000)
 ParOldGen       total 132096K, used 69998K [0x00000000e0000000, 0x00000000e8100000, 0x00000000f5500000)
  object space 132096K, 52% used [0x00000000e0000000,0x00000000e445ba28,0x00000000e8100000)
 PSPermGen       total 39424K, used 39336K [0x00000000dae00000, 0x00000000dd480000, 0x00000000e0000000)
  object space 39424K, 99% used [0x00000000dae00000,0x00000000dd46a350,0x00000000dd480000)
Event: 85.413 GC heap after
Heap after GC invocations=16 (full 1):
 PSYoungGen      total 116736K, used 12349K [0x00000000f5500000, 0x0000000100000000, 0x0000000100000000)
  eden space 58368K, 0% used [0x00000000f5500000,0x00000000f5500000,0x00000000f8e00000)
  from space 58368K, 21% used [0x00000000f8e00000,0x00000000f9a0f780,0x00000000fc700000)
  to   space 58368K, 0% used [0x00000000fc700000,0x00000000fc700000,0x0000000100000000)
 ParOldGen       total 132096K, used 95111K [0x00000000e0000000, 0x00000000e8100000, 0x00000000f5500000)
  object space 132096K, 72% used [0x00000000e0000000,0x00000000e5ce1e38,0x00000000e8100000)
 PSPermGen       total 39424K, used 39336K [0x00000000dae00000, 0x00000000dd480000, 0x00000000e0000000)
  object space 39424K, 99% used [0x00000000dae00000,0x00000000dd46a350,0x00000000dd480000)
}
Event: 89.954 GC heap before
{Heap before GC invocations=17 (full 1):
 PSYoungGen      total 116736K, used 70717K [0x00000000f5500000, 0x0000000100000000, 0x0000000100000000)
  eden space 58368K, 100% used [0x00000000f5500000,0x00000000f8e00000,0x00000000f8e00000)
  from space 58368K, 21% used [0x00000000f8e00000,0x00000000f9a0f780,0x00000000fc700000)
  to   space 58368K, 0% used [0x00000000fc700000,0x00000000fc700000,0x0000000100000000)
 ParOldGen       total 132096K, used 95111K [0x00000000e0000000, 0x00000000e8100000, 0x00000000f5500000)
  object space 132096K, 72% used [0x00000000e0000000,0x00000000e5ce1e38,0x00000000e8100000)
 PSPermGen       total 43520K, used 43319K [0x00000000dae00000, 0x00000000dd880000, 0x00000000e0000000)
  object space 43520K, 99% used [0x00000000dae00000,0x00000000dd84df98,0x00000000dd880000)
Event: 89.980 GC heap after
Heap after GC invocations=17 (full 1):
 PSYoungGen      total 116736K, used 11977K [0x00000000f5500000, 0x0000000100000000, 0x0000000100000000)
  eden space 58368K, 0% used [0x00000000f5500000,0x00000000f5500000,0x00000000f8e00000)
  from space 58368K, 20% used [0x00000000fc700000,0x00000000fd2b2428,0x0000000100000000)
  to   space 58368K, 0% used [0x00000000f8e00000,0x00000000f8e00000,0x00000000fc700000)
 ParOldGen       total 132096K, used 96599K [0x00000000e0000000, 0x00000000e8100000, 0x00000000f5500000)
  object space 132096K, 73% used [0x00000000e0000000,0x00000000e5e55e38,0x00000000e8100000)
 PSPermGen       total 43520K, used 43319K [0x00000000dae00000, 0x00000000dd880000, 0x00000000e0000000)
  object space 43520K, 99% used [0x00000000dae00000,0x00000000dd84df98,0x00000000dd880000)
}

Deoptimization events (10 events):
Event: 4058.112 Thread 0x000000000e86c800 Uncommon trap: reason=null_check action=none pc=0x00000000051b21d8 method=com.google.appengine.tools.development.agent.impl.Transformer.transform(Ljava/lang/ClassLoader;Ljava/lang/String;Ljava/lang/Class;Ljava/security/ProtectionDomain;[B)[B @ 5
Event: 4058.112 Thread 0x000000000e86f000 Uncommon trap: reason=null_check action=none pc=0x00000000051b21d8 method=com.google.appengine.tools.development.agent.impl.Transformer.transform(Ljava/lang/ClassLoader;Ljava/lang/String;Ljava/lang/Class;Ljava/security/ProtectionDomain;[B)[B @ 5
Event: 4058.114 Thread 0x000000000e86f000 Uncommon trap: reason=null_check action=none pc=0x00000000051b21d8 method=com.google.appengine.tools.development.agent.impl.Transformer.transform(Ljava/lang/ClassLoader;Ljava/lang/String;Ljava/lang/Class;Ljava/security/ProtectionDomain;[B)[B @ 5
Event: 4058.140 Thread 0x000000000e86f000 Uncommon trap: reason=null_check action=none pc=0x00000000051b21d8 method=com.google.appengine.tools.development.agent.impl.Transformer.transform(Ljava/lang/ClassLoader;Ljava/lang/String;Ljava/lang/Class;Ljava/security/ProtectionDomain;[B)[B @ 5
Event: 4064.155 Thread 0x000000000e86c800 Uncommon trap: reason=unreached action=reinterpret pc=0x00000000051945ac method=java.util.HashMap.put(Ljava/lang/Object;Ljava/lang/Object;)Ljava/lang/Object; @ 19
Event: 4064.157 Thread 0x000000000e86c800 Uncommon trap: reason=unreached action=reinterpret pc=0x00000000051f2f48 method=org.mortbay.util.URIUtil.encodePath(Ljava/lang/StringBuffer;Ljava/lang/String;)Ljava/lang/StringBuffer; @ 188
Event: 4073.203 Thread 0x000000000e86c800 Uncommon trap: reason=null_check action=none pc=0x00000000051b2258 method=com.google.appengine.tools.development.agent.impl.Transformer.isRuntimeCode(Ljava/security/ProtectionDomain;)Z @ 5
Event: 4073.220 Thread 0x000000000e86c800 Uncommon trap: reason=unreached action=reinterpret pc=0x000000000503ffc8 method=java.util.HashMap.getEntry(Ljava/lang/Object;)Ljava/util/HashMap$Entry; @ 10
Event: 4073.221 Thread 0x000000000e86c800 Uncommon trap: reason=unreached action=reinterpret pc=0x0000000004fa3a20 method=java.util.HashMap.getEntry(Ljava/lang/Object;)Ljava/util/HashMap$Entry; @ 10
Event: 4837.492 Thread 0x000000000e86e000 Uncommon trap: reason=null_check action=make_not_entrant pc=0x000000000527b1f8 method=java.security.BasicPermissionCollection.implies(Ljava/security/Permission;)Z @ 56

Internal exceptions (10 events):
Event: 4077.937 Thread 0x000000000e86c800 Threw 0x00000000f8459038 at C:\re\jdk7u79\2331\hotspot\src\share\vm\prims\jvm.cpp:1304
Event: 4077.942 Thread 0x000000000e86c800 Threw 0x00000000f84637d0 at C:\re\jdk7u79\2331\hotspot\src\share\vm\prims\jvm.cpp:1304
Event: 4077.946 Thread 0x000000000e86c800 Threw 0x00000000f8476b48 at C:\re\jdk7u79\2331\hotspot\src\share\vm\prims\jvm.cpp:1304
Event: 4077.953 Thread 0x000000000e86c800 Threw 0x00000000f8490cf8 at C:\re\jdk7u79\2331\hotspot\src\share\vm\prims\jvm.cpp:1304
Event: 4077.954 Thread 0x000000000e86c800 Threw 0x00000000f8498058 at C:\re\jdk7u79\2331\hotspot\src\share\vm\prims\jvm.cpp:1304
Event: 4077.954 Thread 0x000000000e86c800 Threw 0x00000000f849a360 at C:\re\jdk7u79\2331\hotspot\src\share\vm\prims\jvm.cpp:1304
Event: 4078.040 Thread 0x000000000e86c800 Threw 0x00000000f84e9188 at C:\re\jdk7u79\2331\hotspot\src\share\vm\prims\jvm.cpp:1304
Event: 4078.041 Thread 0x000000000e86c800 Threw 0x00000000f84ef508 at C:\re\jdk7u79\2331\hotspot\src\share\vm\prims\jvm.cpp:1304
Event: 4837.492 Thread 0x000000000e86e000 Implicit null exception at 0x000000000527aaf7 to 0x000000000527b1eb
Event: 4837.498 Thread 0x000000000e86f800 Threw 0x00000000f895c3a0 at C:\re\jdk7u79\2331\hotspot\src\share\vm\prims\jni.cpp:717

Events (10 events):
Event: 5164.373 Executing VM operation: EnterInterpOnlyMode
Event: 5164.373 Executing nested VM operation: Deoptimize
Event: 5164.373 Executing nested VM operation: Deoptimize done
Event: 5164.373 Executing VM operation: EnterInterpOnlyMode done
Event: 5164.373 Executing VM operation: ChangeSingleStep
Event: 5164.373 Executing VM operation: ChangeSingleStep done
Event: 5164.373 Executing VM operation: ChangeSingleStep
Event: 5164.374 Executing VM operation: ChangeSingleStep done
Event: 5164.414 Executing VM operation: RedefineClasses
Event: 5164.431 Executing VM operation: RedefineClasses done


Dynamic libraries:
0x00007ff6073c0000 - 0x00007ff6073f3000 	C:\Program Files\Java\jre7\bin\javaw.exe
0x00007ffd44eb0000 - 0x00007ffd45090000 	C:\WINDOWS\SYSTEM32\ntdll.dll
0x00007ffd443b0000 - 0x00007ffd4445e000 	C:\WINDOWS\System32\KERNEL32.DLL
0x00007ffd413b0000 - 0x00007ffd41616000 	C:\WINDOWS\System32\KERNELBASE.dll
0x00007ffd424b0000 - 0x00007ffd42551000 	C:\WINDOWS\System32\ADVAPI32.dll
0x00007ffd42410000 - 0x00007ffd424ad000 	C:\WINDOWS\System32\msvcrt.dll
0x00007ffd42b20000 - 0x00007ffd42b7b000 	C:\WINDOWS\System32\sechost.dll
0x00007ffd42a00000 - 0x00007ffd42b1f000 	C:\WINDOWS\System32\RPCRT4.dll
0x00007ffd44790000 - 0x00007ffd4491f000 	C:\WINDOWS\System32\USER32.dll
0x00007ffd42210000 - 0x00007ffd42230000 	C:\WINDOWS\System32\win32u.dll
0x00007ffd423e0000 - 0x00007ffd42408000 	C:\WINDOWS\System32\GDI32.dll
0x00007ffd41620000 - 0x00007ffd417b3000 	C:\WINDOWS\System32\gdi32full.dll
0x00007ffd42230000 - 0x00007ffd422cb000 	C:\WINDOWS\System32\msvcp_win.dll
0x00007ffd412b0000 - 0x00007ffd413a6000 	C:\WINDOWS\System32\ucrtbase.dll
0x00007ffd34520000 - 0x00007ffd34789000 	C:\WINDOWS\WinSxS\amd64_microsoft.windows.common-controls_6595b64144ccf1df_6.0.16299.309_none_15cfd4c4935e6b11\COMCTL32.dll
0x00007ffd425b0000 - 0x00007ffd428b8000 	C:\WINDOWS\System32\combase.dll
0x00007ffd41f10000 - 0x00007ffd41f82000 	C:\WINDOWS\System32\bcryptPrimitives.dll
0x00007ffd42570000 - 0x00007ffd4259d000 	C:\WINDOWS\System32\IMM32.DLL
0x00000000690c0000 - 0x0000000069192000 	C:\Program Files\Java\jre7\bin\msvcr100.dll
0x00000000688e0000 - 0x00000000690b5000 	C:\Program Files\Java\jre7\bin\server\jvm.dll
0x00007ffd42560000 - 0x00007ffd42568000 	C:\WINDOWS\System32\PSAPI.DLL
0x00007ffd3d5f0000 - 0x00007ffd3d5f9000 	C:\WINDOWS\SYSTEM32\WSOCK32.dll
0x00007ffd42990000 - 0x00007ffd429fc000 	C:\WINDOWS\System32\WS2_32.dll
0x00007ffd3f0c0000 - 0x00007ffd3f0e3000 	C:\WINDOWS\SYSTEM32\WINMM.dll
0x00007ffd3f060000 - 0x00007ffd3f08a000 	C:\WINDOWS\SYSTEM32\WINMMBASE.dll
0x00007ffd41ff0000 - 0x00007ffd4203a000 	C:\WINDOWS\System32\cfgmgr32.dll
0x0000000069290000 - 0x000000006929f000 	C:\Program Files\Java\jre7\bin\verify.dll
0x0000000069260000 - 0x0000000069288000 	C:\Program Files\Java\jre7\bin\java.dll
0x0000000069200000 - 0x0000000069235000 	C:\Program Files\Java\jre7\bin\jdwp.dll
0x00000000691f0000 - 0x00000000691f8000 	C:\Program Files\Java\jre7\bin\npt.dll
0x0000000068710000 - 0x0000000068733000 	C:\Program Files\Java\jre7\bin\instrument.dll
0x0000000069240000 - 0x0000000069255000 	C:\Program Files\Java\jre7\bin\zip.dll
0x00000000686e0000 - 0x00000000686e9000 	C:\Program Files\Java\jre7\bin\dt_socket.dll
0x00007ffd2b720000 - 0x00007ffd2b736000 	C:\WINDOWS\system32\napinsp.dll
0x00007ffd2a7f0000 - 0x00007ffd2a80a000 	C:\WINDOWS\system32\pnrpnsp.dll
0x00007ffd3e210000 - 0x00007ffd3e228000 	C:\WINDOWS\system32\NLAapi.dll
0x00007ffd40a30000 - 0x00007ffd40a96000 	C:\WINDOWS\System32\mswsock.dll
0x00007ffd40800000 - 0x00007ffd408b6000 	C:\WINDOWS\SYSTEM32\DNSAPI.dll
0x00007ffd425a0000 - 0x00007ffd425a8000 	C:\WINDOWS\System32\NSI.dll
0x00007ffd407c0000 - 0x00007ffd407f9000 	C:\WINDOWS\SYSTEM32\IPHLPAPI.DLL
0x00007ffd3f1f0000 - 0x00007ffd3f1fe000 	C:\WINDOWS\System32\winrnr.dll
0x00007ffd2c690000 - 0x00007ffd2c6a5000 	C:\WINDOWS\System32\wshbth.dll
0x00007ffd3abb0000 - 0x00007ffd3ac20000 	C:\WINDOWS\System32\fwpuclnt.dll
0x00007ffd40d00000 - 0x00007ffd40d25000 	C:\WINDOWS\SYSTEM32\bcrypt.dll
0x00007ffd3a340000 - 0x00007ffd3a34a000 	C:\Windows\System32\rasadhlp.dll
0x00000000691d0000 - 0x00000000691ea000 	C:\Program Files\Java\jre7\bin\net.dll
0x00007ffd40bf0000 - 0x00007ffd40c07000 	C:\WINDOWS\SYSTEM32\CRYPTSP.dll
0x00007ffd40630000 - 0x00007ffd40663000 	C:\WINDOWS\system32\rsaenh.dll
0x00007ffd41130000 - 0x00007ffd41159000 	C:\WINDOWS\SYSTEM32\USERENV.dll
0x00007ffd41200000 - 0x00007ffd4121b000 	C:\WINDOWS\System32\profapi.dll
0x00007ffd40c10000 - 0x00007ffd40c1b000 	C:\WINDOWS\SYSTEM32\CRYPTBASE.dll
0x00000000686f0000 - 0x0000000068701000 	C:\Program Files\Java\jre7\bin\nio.dll
0x00007ffd3b7c0000 - 0x00007ffd3b7d6000 	C:\WINDOWS\SYSTEM32\dhcpcsvc6.DLL
0x00007ffd3bc90000 - 0x00007ffd3bcaa000 	C:\WINDOWS\SYSTEM32\dhcpcsvc.DLL
0x00007ffd3fd20000 - 0x00007ffd3fee8000 	C:\WINDOWS\SYSTEM32\dbghelp.dll

VM Arguments:
jvm_args: -agentlib:jdwp=transport=dt_socket,suspend=y,address=localhost:54607 -Ddatastore.default_high_rep_job_policy_unapplied_job_pct=50 -Xmx512m -javaagent:C:\Users\Israel\.m2\repository\com\google\appengine\appengine-java-sdk\1.9.42\appengine-java-sdk\appengine-java-sdk-1.9.42\lib\agent\appengine-agent.jar -Dfile.encoding=Cp1252 
java_command: com.google.gwt.dev.DevMode -nosuperDevMode -remoteUI 51754:11028921726259 -startupUrl FiscalStrategy.html -logLevel INFO -codeServerPort 9997 -port 8888 -server com.google.appengine.tools.development.gwt.AppEngineLauncher -war C:\Users\Israel\git\wirpool\FiscalStrategy\war com.tikal.fiscal.FiscalStrategy
Launcher Type: SUN_STANDARD

Environment Variables:
PATH=C:/Program Files/Java/jre1.8.0_151/bin/server;C:/Program Files/Java/jre1.8.0_151/bin;C:/Program Files/Java/jre1.8.0_151/lib/amd64;C:\ProgramData\Oracle\Java\javapath;C:\WINDOWS\system32;C:\WINDOWS;C:\WINDOWS\System32\Wbem;C:\WINDOWS\System32\WindowsPowerShell\v1.0\;C:\Program Files (x86)\Common Files\lenovo\easyplussdk\bin;C:\Program Files (x86)\ATI Technologies\ATI.ACE\Core-Static;C:\Users\Israel\AppData\Local\Microsoft\WindowsApps;C:\Users\Israel\AppData\Local\Google\Cloud SDK\google-cloud-sdk\bin;;C:\Users\Israel\eclipse\eclipse;
USERNAME=Israel
OS=Windows_NT
PROCESSOR_IDENTIFIER=AMD64 Family 21 Model 96 Stepping 1, AuthenticAMD



---------------  S Y S T E M  ---------------

OS: Windows 8.1 , 64 bit Build 9600 

CPU:total 4 (4 cores per cpu, 1 threads per core) family 21 model 96 stepping 1, cmov, cx8, fxsr, mmx, sse, sse2, sse3, ssse3, sse4.1, sse4.2, popcnt, avx, avx2, aes, mmxext, 3dnowpref, lzcnt, sse4a, tsc, tscinvbit, tscinv

Memory: 4k page, physical 7821496k(1704668k free), swap 12802232k(4425292k free)

vm_info: Java HotSpot(TM) 64-Bit Server VM (24.79-b02) for windows-amd64 JRE (1.7.0_79-b15), built on Apr 10 2015 12:36:16 by "java_re" with unknown MS VC++:1600

time: Wed Mar 21 14:51:21 2018
elapsed time: 5164 seconds

